{"tx": "0x3dc2448f911502460d8fbfd1b9fa38bfd4c44a6133b4b6e1ff013b25147bdbd9", "rate": 1.1, "type": ["getReserves"], "entrypoint": "0x3da1313ae46132a397d90d95b1424a9a7e3e0fce", "suspicious": {"type": "reverted", "msg": "maxFee"}}
{"tx": "0x3dc2448f911502460d8fbfd1b9fa38bfd4c44a6133b4b6e1ff013b25147bdbd9", "rate": 0.9, "type": ["getReserves"], "entrypoint": "0x3da1313ae46132a397d90d95b1424a9a7e3e0fce", "suspicious": {"type": "reverted", "msg": "maxFee"}}
{"tx": "0x3dc2448f911502460d8fbfd1b9fa38bfd4c44a6133b4b6e1ff013b25147bdbd9", "rate": 1.5, "type": ["getReserves"], "entrypoint": "0x3da1313ae46132a397d90d95b1424a9a7e3e0fce", "suspicious": {"type": "normal"}}
{"tx": "0x3dc2448f911502460d8fbfd1b9fa38bfd4c44a6133b4b6e1ff013b25147bdbd9", "rate": 1.5, "type": ["getReserves"], "entrypoint": "0x3da1313ae46132a397d90d95b1424a9a7e3e0fce", "suspicious": {"type": "value-inconsists", "msg": "[\"Transfer value inconsists at log Index: 0\\n normal: 25645586144575896500, mutated: 34027713313526907354\"]", "mutatedTransfers": "[{\"args\": {\"from\": \"0xb258aD4125e84068F3A47fbBC4F6aCeD2bC148EC\", \"to\": \"0x3d07f261783d9ACDa6c0827Dc4e40F6025c18ec3\", \"value\": 34027713313526907354}, \"event\": \"Transfer\", \"logIndex\": 0, \"transactionIndex\": 0, \"transactionHash\": \"0x0000000000000000000000000000000000000000000000000000000000000000\", \"address\": \"0x6b175474e89094c44da98b954eedeac495271d0f\", \"blockHash\": \"0x0000000000000000000000000000000000000000000000000000000000000000\", \"blockNumber\": 0}]"}}
{"tx": "0x3dc2448f911502460d8fbfd1b9fa38bfd4c44a6133b4b6e1ff013b25147bdbd9", "rate": 0.75, "type": ["getReserves"], "entrypoint": "0x3da1313ae46132a397d90d95b1424a9a7e3e0fce", "suspicious": {"type": "reverted", "msg": "maxFee"}}
{"tx": "0x3dc2448f911502460d8fbfd1b9fa38bfd4c44a6133b4b6e1ff013b25147bdbd9", "rate": 2, "type": ["getReserves"], "entrypoint": "0x3da1313ae46132a397d90d95b1424a9a7e3e0fce", "suspicious": {"type": "normal"}}
{"tx": "0x3dc2448f911502460d8fbfd1b9fa38bfd4c44a6133b4b6e1ff013b25147bdbd9", "rate": 2, "type": ["getReserves"], "entrypoint": "0x3da1313ae46132a397d90d95b1424a9a7e3e0fce", "suspicious": {"type": "value-inconsists", "msg": "[\"Transfer value inconsists at log Index: 0\\n normal: 25645586144575896500, mutated: 16539424981653277870\"]", "mutatedTransfers": "[{\"args\": {\"from\": \"0xb258aD4125e84068F3A47fbBC4F6aCeD2bC148EC\", \"to\": \"0x3d07f261783d9ACDa6c0827Dc4e40F6025c18ec3\", \"value\": 16539424981653277870}, \"event\": \"Transfer\", \"logIndex\": 0, \"transactionIndex\": 0, \"transactionHash\": \"0x0000000000000000000000000000000000000000000000000000000000000000\", \"address\": \"0x6b175474e89094c44da98b954eedeac495271d0f\", \"blockHash\": \"0x0000000000000000000000000000000000000000000000000000000000000000\", \"blockNumber\": 0}]"}}
{"tx": "0x3dc2448f911502460d8fbfd1b9fa38bfd4c44a6133b4b6e1ff013b25147bdbd9", "rate": 0.5, "type": ["getReserves"], "entrypoint": "0x3da1313ae46132a397d90d95b1424a9a7e3e0fce", "suspicious": {"type": "reverted", "msg": "maxFee"}}
{"tx": "0x3dc2448f911502460d8fbfd1b9fa38bfd4c44a6133b4b6e1ff013b25147bdbd9", "rate": 5, "type": ["getReserves"], "entrypoint": "0x3da1313ae46132a397d90d95b1424a9a7e3e0fce", "suspicious": {"type": "reverted", "msg": "maxFee"}}
{"tx": "0x3dc2448f911502460d8fbfd1b9fa38bfd4c44a6133b4b6e1ff013b25147bdbd9", "rate": 0.2, "type": ["getReserves"], "entrypoint": "0x3da1313ae46132a397d90d95b1424a9a7e3e0fce", "suspicious": {"type": "reverted", "msg": "maxFee"}}
{"tx": "0x3dc2448f911502460d8fbfd1b9fa38bfd4c44a6133b4b6e1ff013b25147bdbd9", "rate": 10, "type": ["getReserves"], "entrypoint": "0x3da1313ae46132a397d90d95b1424a9a7e3e0fce", "suspicious": {"type": "reverted", "msg": "maxFee"}}
{"tx": "0x3dc2448f911502460d8fbfd1b9fa38bfd4c44a6133b4b6e1ff013b25147bdbd9", "rate": 0.1, "type": ["getReserves"], "entrypoint": "0x3da1313ae46132a397d90d95b1424a9a7e3e0fce", "suspicious": {"type": "reverted", "msg": "maxFee"}}
{"tx": "0x3dc2448f911502460d8fbfd1b9fa38bfd4c44a6133b4b6e1ff013b25147bdbd9", "rate": 100, "type": ["getReserves"], "entrypoint": "0x3da1313ae46132a397d90d95b1424a9a7e3e0fce", "suspicious": {"type": "reverted", "msg": "maxFee"}}
{"tx": "0x3dc2448f911502460d8fbfd1b9fa38bfd4c44a6133b4b6e1ff013b25147bdbd9", "rate": 0.01, "type": ["getReserves"], "entrypoint": "0x3da1313ae46132a397d90d95b1424a9a7e3e0fce", "suspicious": {"type": "reverted", "msg": "maxFee"}}
{"tx": "0x3dc2448f911502460d8fbfd1b9fa38bfd4c44a6133b4b6e1ff013b25147bdbd9", "rate": 1.1, "type": ["getReserves"], "entrypoint": "0xa478c2975ab1ea89e8196811f51a7b7ade33eb11", "suspicious": {"type": "reverted", "msg": "maxFee"}}
{"tx": "0x3dc2448f911502460d8fbfd1b9fa38bfd4c44a6133b4b6e1ff013b25147bdbd9", "rate": 0.9, "type": ["getReserves"], "entrypoint": "0xa478c2975ab1ea89e8196811f51a7b7ade33eb11", "suspicious": {"type": "reverted", "msg": "maxFee"}}
{"tx": "0x3dc2448f911502460d8fbfd1b9fa38bfd4c44a6133b4b6e1ff013b25147bdbd9", "rate": 1.5, "type": ["getReserves"], "entrypoint": "0xa478c2975ab1ea89e8196811f51a7b7ade33eb11", "suspicious": {"type": "normal"}}
{"tx": "0x3dc2448f911502460d8fbfd1b9fa38bfd4c44a6133b4b6e1ff013b25147bdbd9", "rate": 1.5, "type": ["getReserves"], "entrypoint": "0xa478c2975ab1ea89e8196811f51a7b7ade33eb11", "suspicious": {"type": "value-inconsists", "msg": "[\"Transfer value inconsists at log Index: 0\\n normal: 25645586144575896500, mutated: 40686169313421612648\"]", "mutatedTransfers": "[{\"args\": {\"from\": \"0xb258aD4125e84068F3A47fbBC4F6aCeD2bC148EC\", \"to\": \"0x3d07f261783d9ACDa6c0827Dc4e40F6025c18ec3\", \"value\": 40686169313421612648}, \"event\": \"Transfer\", \"logIndex\": 0, \"transactionIndex\": 0, \"transactionHash\": \"0x0000000000000000000000000000000000000000000000000000000000000000\", \"address\": \"0x6b175474e89094c44da98b954eedeac495271d0f\", \"blockHash\": \"0x0000000000000000000000000000000000000000000000000000000000000000\", \"blockNumber\": 0}]"}}
{"tx": "0x3dc2448f911502460d8fbfd1b9fa38bfd4c44a6133b4b6e1ff013b25147bdbd9", "rate": 0.75, "type": ["getReserves"], "entrypoint": "0xa478c2975ab1ea89e8196811f51a7b7ade33eb11", "suspicious": {"type": "reverted", "msg": "maxFee"}}
{"tx": "0x3dc2448f911502460d8fbfd1b9fa38bfd4c44a6133b4b6e1ff013b25147bdbd9", "rate": 2, "type": ["getReserves"], "entrypoint": "0xa478c2975ab1ea89e8196811f51a7b7ade33eb11", "suspicious": {"type": "normal"}}
{"tx": "0x3dc2448f911502460d8fbfd1b9fa38bfd4c44a6133b4b6e1ff013b25147bdbd9", "rate": 2, "type": ["getReserves"], "entrypoint": "0xa478c2975ab1ea89e8196811f51a7b7ade33eb11", "suspicious": {"type": "value-inconsists", "msg": "[\"Transfer value inconsists at log Index: 0\\n normal: 25645586144575896500, mutated: 25551072675982583144\"]", "mutatedTransfers": "[{\"args\": {\"from\": \"0xb258aD4125e84068F3A47fbBC4F6aCeD2bC148EC\", \"to\": \"0x3d07f261783d9ACDa6c0827Dc4e40F6025c18ec3\", \"value\": 25551072675982583144}, \"event\": \"Transfer\", \"logIndex\": 0, \"transactionIndex\": 0, \"transactionHash\": \"0x0000000000000000000000000000000000000000000000000000000000000000\", \"address\": \"0x6b175474e89094c44da98b954eedeac495271d0f\", \"blockHash\": \"0x0000000000000000000000000000000000000000000000000000000000000000\", \"blockNumber\": 0}]"}}
{"tx": "0x3dc2448f911502460d8fbfd1b9fa38bfd4c44a6133b4b6e1ff013b25147bdbd9", "rate": 0.5, "type": ["getReserves"], "entrypoint": "0xa478c2975ab1ea89e8196811f51a7b7ade33eb11", "suspicious": {"type": "reverted", "msg": "maxFee"}}
{"tx": "0x3dc2448f911502460d8fbfd1b9fa38bfd4c44a6133b4b6e1ff013b25147bdbd9", "rate": 5, "type": ["getReserves"], "entrypoint": "0xa478c2975ab1ea89e8196811f51a7b7ade33eb11", "suspicious": {"type": "normal"}}
{"tx": "0x3dc2448f911502460d8fbfd1b9fa38bfd4c44a6133b4b6e1ff013b25147bdbd9", "rate": 5, "type": ["getReserves"], "entrypoint": "0xa478c2975ab1ea89e8196811f51a7b7ade33eb11", "suspicious": {"type": "value-inconsists", "msg": "[\"Transfer value inconsists at log Index: 0\\n normal: 25645586144575896500, mutated: 6267319544495695046\"]", "mutatedTransfers": "[{\"args\": {\"from\": \"0xb258aD4125e84068F3A47fbBC4F6aCeD2bC148EC\", \"to\": \"0x3d07f261783d9ACDa6c0827Dc4e40F6025c18ec3\", \"value\": 6267319544495695046}, \"event\": \"Transfer\", \"logIndex\": 0, \"transactionIndex\": 0, \"transactionHash\": \"0x0000000000000000000000000000000000000000000000000000000000000000\", \"address\": \"0x6b175474e89094c44da98b954eedeac495271d0f\", \"blockHash\": \"0x0000000000000000000000000000000000000000000000000000000000000000\", \"blockNumber\": 0}]"}}
{"tx": "0x3dc2448f911502460d8fbfd1b9fa38bfd4c44a6133b4b6e1ff013b25147bdbd9", "rate": 0.2, "type": ["getReserves"], "entrypoint": "0xa478c2975ab1ea89e8196811f51a7b7ade33eb11", "suspicious": {"type": "reverted", "msg": "maxFee"}}
{"tx": "0x3dc2448f911502460d8fbfd1b9fa38bfd4c44a6133b4b6e1ff013b25147bdbd9", "rate": 10, "type": ["getReserves"], "entrypoint": "0xa478c2975ab1ea89e8196811f51a7b7ade33eb11", "suspicious": {"type": "normal"}}
{"tx": "0x3dc2448f911502460d8fbfd1b9fa38bfd4c44a6133b4b6e1ff013b25147bdbd9", "rate": 10, "type": ["getReserves"], "entrypoint": "0xa478c2975ab1ea89e8196811f51a7b7ade33eb11", "suspicious": {"type": "value-inconsists", "msg": "[\"Transfer value inconsists at log Index: 0\\n normal: 25645586144575896500, mutated: 1382594185158643764\"]", "mutatedTransfers": "[{\"args\": {\"from\": \"0xb258aD4125e84068F3A47fbBC4F6aCeD2bC148EC\", \"to\": \"0x3d07f261783d9ACDa6c0827Dc4e40F6025c18ec3\", \"value\": 1382594185158643764}, \"event\": \"Transfer\", \"logIndex\": 0, \"transactionIndex\": 0, \"transactionHash\": \"0x0000000000000000000000000000000000000000000000000000000000000000\", \"address\": \"0x6b175474e89094c44da98b954eedeac495271d0f\", \"blockHash\": \"0x0000000000000000000000000000000000000000000000000000000000000000\", \"blockNumber\": 0}]"}}
{"tx": "0x3dc2448f911502460d8fbfd1b9fa38bfd4c44a6133b4b6e1ff013b25147bdbd9", "rate": 0.1, "type": ["getReserves"], "entrypoint": "0xa478c2975ab1ea89e8196811f51a7b7ade33eb11", "suspicious": {"type": "reverted", "msg": "maxFee"}}
{"tx": "0x3dc2448f911502460d8fbfd1b9fa38bfd4c44a6133b4b6e1ff013b25147bdbd9", "rate": 100, "type": ["getReserves"], "entrypoint": "0xa478c2975ab1ea89e8196811f51a7b7ade33eb11", "suspicious": {"type": "reverted", "msg": "maxFee"}}
{"tx": "0x3dc2448f911502460d8fbfd1b9fa38bfd4c44a6133b4b6e1ff013b25147bdbd9", "rate": 0.01, "type": ["getReserves"], "entrypoint": "0xa478c2975ab1ea89e8196811f51a7b7ade33eb11", "suspicious": {"type": "reverted", "msg": "maxFee"}}
{"tx": "0x3dc2448f911502460d8fbfd1b9fa38bfd4c44a6133b4b6e1ff013b25147bdbd9", "rate": 1.1, "type": ["getReserves"], "entrypoint": "0x3da1313ae46132a397d90d95b1424a9a7e3e0fce", "suspicious": {"type": "reverted", "msg": "maxFee"}}
{"tx": "0x3dc2448f911502460d8fbfd1b9fa38bfd4c44a6133b4b6e1ff013b25147bdbd9", "rate": 0.9, "type": ["getReserves"], "entrypoint": "0x3da1313ae46132a397d90d95b1424a9a7e3e0fce", "suspicious": {"type": "reverted", "msg": "maxFee"}}
{"tx": "0x3dc2448f911502460d8fbfd1b9fa38bfd4c44a6133b4b6e1ff013b25147bdbd9", "rate": 1.5, "type": ["getReserves"], "entrypoint": "0x3da1313ae46132a397d90d95b1424a9a7e3e0fce", "suspicious": {"type": "reverted", "msg": "maxFee"}}
{"tx": "0x3dc2448f911502460d8fbfd1b9fa38bfd4c44a6133b4b6e1ff013b25147bdbd9", "rate": 0.75, "type": ["getReserves"], "entrypoint": "0x3da1313ae46132a397d90d95b1424a9a7e3e0fce", "suspicious": {"type": "reverted", "msg": "maxFee"}}
{"tx": "0x3dc2448f911502460d8fbfd1b9fa38bfd4c44a6133b4b6e1ff013b25147bdbd9", "rate": 2, "type": ["getReserves"], "entrypoint": "0x3da1313ae46132a397d90d95b1424a9a7e3e0fce", "suspicious": {"type": "normal"}}
{"tx": "0x3dc2448f911502460d8fbfd1b9fa38bfd4c44a6133b4b6e1ff013b25147bdbd9", "rate": 2, "type": ["getReserves"], "entrypoint": "0x3da1313ae46132a397d90d95b1424a9a7e3e0fce", "suspicious": {"type": "value-inconsists", "msg": "[\"Transfer value inconsists at log Index: 0\\n normal: 25645586144575896500, mutated: 49618274944959833612\"]", "mutatedTransfers": "[{\"args\": {\"from\": \"0xb258aD4125e84068F3A47fbBC4F6aCeD2bC148EC\", \"to\": \"0x3d07f261783d9ACDa6c0827Dc4e40F6025c18ec3\", \"value\": 49618274944959833612}, \"event\": \"Transfer\", \"logIndex\": 0, \"transactionIndex\": 0, \"transactionHash\": \"0x0000000000000000000000000000000000000000000000000000000000000000\", \"address\": \"0x6b175474e89094c44da98b954eedeac495271d0f\", \"blockHash\": \"0x0000000000000000000000000000000000000000000000000000000000000000\", \"blockNumber\": 0}]"}}
{"tx": "0x3dc2448f911502460d8fbfd1b9fa38bfd4c44a6133b4b6e1ff013b25147bdbd9", "rate": 0.5, "type": ["getReserves"], "entrypoint": "0x3da1313ae46132a397d90d95b1424a9a7e3e0fce", "suspicious": {"type": "reverted", "msg": "maxFee"}}
{"tx": "0x3dc2448f911502460d8fbfd1b9fa38bfd4c44a6133b4b6e1ff013b25147bdbd9", "rate": 5, "type": ["getReserves"], "entrypoint": "0x3da1313ae46132a397d90d95b1424a9a7e3e0fce", "suspicious": {"type": "reverted", "msg": "maxFee"}}
{"tx": "0x3dc2448f911502460d8fbfd1b9fa38bfd4c44a6133b4b6e1ff013b25147bdbd9", "rate": 0.2, "type": ["getReserves"], "entrypoint": "0x3da1313ae46132a397d90d95b1424a9a7e3e0fce", "suspicious": {"type": "reverted", "msg": "maxFee"}}
{"tx": "0x3dc2448f911502460d8fbfd1b9fa38bfd4c44a6133b4b6e1ff013b25147bdbd9", "rate": 10, "type": ["getReserves"], "entrypoint": "0x3da1313ae46132a397d90d95b1424a9a7e3e0fce", "suspicious": {"type": "reverted", "msg": "maxFee"}}
{"tx": "0x3dc2448f911502460d8fbfd1b9fa38bfd4c44a6133b4b6e1ff013b25147bdbd9", "rate": 0.1, "type": ["getReserves"], "entrypoint": "0x3da1313ae46132a397d90d95b1424a9a7e3e0fce", "suspicious": {"type": "reverted", "msg": "maxFee"}}
{"tx": "0x3dc2448f911502460d8fbfd1b9fa38bfd4c44a6133b4b6e1ff013b25147bdbd9", "rate": 100, "type": ["getReserves"], "entrypoint": "0x3da1313ae46132a397d90d95b1424a9a7e3e0fce", "suspicious": {"type": "reverted", "msg": "maxFee"}}
{"tx": "0x3dc2448f911502460d8fbfd1b9fa38bfd4c44a6133b4b6e1ff013b25147bdbd9", "rate": 0.01, "type": ["getReserves"], "entrypoint": "0x3da1313ae46132a397d90d95b1424a9a7e3e0fce", "suspicious": {"type": "reverted", "msg": "maxFee"}}
{"tx": "0x3dc2448f911502460d8fbfd1b9fa38bfd4c44a6133b4b6e1ff013b25147bdbd9", "rate": 1.1, "type": ["getReserves"], "entrypoint": "0xa478c2975ab1ea89e8196811f51a7b7ade33eb11", "suspicious": {"type": "reverted", "msg": "maxFee"}}
{"tx": "0x3dc2448f911502460d8fbfd1b9fa38bfd4c44a6133b4b6e1ff013b25147bdbd9", "rate": 0.9, "type": ["getReserves"], "entrypoint": "0xa478c2975ab1ea89e8196811f51a7b7ade33eb11", "suspicious": {"type": "reverted", "msg": "maxFee"}}
{"tx": "0x3dc2448f911502460d8fbfd1b9fa38bfd4c44a6133b4b6e1ff013b25147bdbd9", "rate": 1.5, "type": ["getReserves"], "entrypoint": "0xa478c2975ab1ea89e8196811f51a7b7ade33eb11", "suspicious": {"type": "reverted", "msg": "maxFee"}}
{"tx": "0x3dc2448f911502460d8fbfd1b9fa38bfd4c44a6133b4b6e1ff013b25147bdbd9", "rate": 0.75, "type": ["getReserves"], "entrypoint": "0xa478c2975ab1ea89e8196811f51a7b7ade33eb11", "suspicious": {"type": "reverted", "msg": "maxFee"}}
{"tx": "0x3dc2448f911502460d8fbfd1b9fa38bfd4c44a6133b4b6e1ff013b25147bdbd9", "rate": 2, "type": ["getReserves"], "entrypoint": "0xa478c2975ab1ea89e8196811f51a7b7ade33eb11", "suspicious": {"type": "reverted", "msg": "maxFee"}}
{"tx": "0x3dc2448f911502460d8fbfd1b9fa38bfd4c44a6133b4b6e1ff013b25147bdbd9", "rate": 0.5, "type": ["getReserves"], "entrypoint": "0xa478c2975ab1ea89e8196811f51a7b7ade33eb11", "suspicious": {"type": "reverted", "msg": "maxFee"}}
{"tx": "0x3dc2448f911502460d8fbfd1b9fa38bfd4c44a6133b4b6e1ff013b25147bdbd9", "rate": 5, "type": ["getReserves"], "entrypoint": "0xa478c2975ab1ea89e8196811f51a7b7ade33eb11", "suspicious": {"type": "normal"}}
{"tx": "0x3dc2448f911502460d8fbfd1b9fa38bfd4c44a6133b4b6e1ff013b25147bdbd9", "rate": 5, "type": ["getReserves"], "entrypoint": "0xa478c2975ab1ea89e8196811f51a7b7ade33eb11", "suspicious": {"type": "value-inconsists", "msg": "[\"Transfer value inconsists at log Index: 0\\n normal: 25645586144575896500, mutated: 18801958633487085140\"]", "mutatedTransfers": "[{\"args\": {\"from\": \"0xb258aD4125e84068F3A47fbBC4F6aCeD2bC148EC\", \"to\": \"0x3d07f261783d9ACDa6c0827Dc4e40F6025c18ec3\", \"value\": 18801958633487085140}, \"event\": \"Transfer\", \"logIndex\": 0, \"transactionIndex\": 0, \"transactionHash\": \"0x0000000000000000000000000000000000000000000000000000000000000000\", \"address\": \"0x6b175474e89094c44da98b954eedeac495271d0f\", \"blockHash\": \"0x0000000000000000000000000000000000000000000000000000000000000000\", \"blockNumber\": 0}]"}}
{"tx": "0x3dc2448f911502460d8fbfd1b9fa38bfd4c44a6133b4b6e1ff013b25147bdbd9", "rate": 0.2, "type": ["getReserves"], "entrypoint": "0xa478c2975ab1ea89e8196811f51a7b7ade33eb11", "suspicious": {"type": "reverted", "msg": "maxFee"}}
{"tx": "0x3dc2448f911502460d8fbfd1b9fa38bfd4c44a6133b4b6e1ff013b25147bdbd9", "rate": 10, "type": ["getReserves"], "entrypoint": "0xa478c2975ab1ea89e8196811f51a7b7ade33eb11", "suspicious": {"type": "normal"}}
{"tx": "0x3dc2448f911502460d8fbfd1b9fa38bfd4c44a6133b4b6e1ff013b25147bdbd9", "rate": 10, "type": ["getReserves"], "entrypoint": "0xa478c2975ab1ea89e8196811f51a7b7ade33eb11", "suspicious": {"type": "value-inconsists", "msg": "[\"Transfer value inconsists at log Index: 0\\n normal: 25645586144575896500, mutated: 4147782555475931294\"]", "mutatedTransfers": "[{\"args\": {\"from\": \"0xb258aD4125e84068F3A47fbBC4F6aCeD2bC148EC\", \"to\": \"0x3d07f261783d9ACDa6c0827Dc4e40F6025c18ec3\", \"value\": 4147782555475931294}, \"event\": \"Transfer\", \"logIndex\": 0, \"transactionIndex\": 0, \"transactionHash\": \"0x0000000000000000000000000000000000000000000000000000000000000000\", \"address\": \"0x6b175474e89094c44da98b954eedeac495271d0f\", \"blockHash\": \"0x0000000000000000000000000000000000000000000000000000000000000000\", \"blockNumber\": 0}]"}}
{"tx": "0x3dc2448f911502460d8fbfd1b9fa38bfd4c44a6133b4b6e1ff013b25147bdbd9", "rate": 0.1, "type": ["getReserves"], "entrypoint": "0xa478c2975ab1ea89e8196811f51a7b7ade33eb11", "suspicious": {"type": "reverted", "msg": "maxFee"}}
{"tx": "0x3dc2448f911502460d8fbfd1b9fa38bfd4c44a6133b4b6e1ff013b25147bdbd9", "rate": 100, "type": ["getReserves"], "entrypoint": "0xa478c2975ab1ea89e8196811f51a7b7ade33eb11", "suspicious": {"type": "reverted", "msg": "maxFee"}}
{"tx": "0x3dc2448f911502460d8fbfd1b9fa38bfd4c44a6133b4b6e1ff013b25147bdbd9", "rate": 0.01, "type": ["getReserves"], "entrypoint": "0xa478c2975ab1ea89e8196811f51a7b7ade33eb11", "suspicious": {"type": "reverted", "msg": "maxFee"}}
{"tx": "0x3dc2448f911502460d8fbfd1b9fa38bfd4c44a6133b4b6e1ff013b25147bdbd9", "rate": 1.1, "type": ["getReserves"], "entrypoint": "0x3da1313ae46132a397d90d95b1424a9a7e3e0fce", "suspicious": {"type": "reverted", "msg": "maxFee"}}
{"tx": "0x3dc2448f911502460d8fbfd1b9fa38bfd4c44a6133b4b6e1ff013b25147bdbd9", "rate": 0.9, "type": ["getReserves"], "entrypoint": "0x3da1313ae46132a397d90d95b1424a9a7e3e0fce", "suspicious": {"type": "reverted", "msg": "maxFee"}}
{"tx": "0x3dc2448f911502460d8fbfd1b9fa38bfd4c44a6133b4b6e1ff013b25147bdbd9", "rate": 1.5, "type": ["getReserves"], "entrypoint": "0x3da1313ae46132a397d90d95b1424a9a7e3e0fce", "suspicious": {"type": "reverted", "msg": "maxFee"}}
{"tx": "0x3dc2448f911502460d8fbfd1b9fa38bfd4c44a6133b4b6e1ff013b25147bdbd9", "rate": 0.75, "type": ["getReserves"], "entrypoint": "0x3da1313ae46132a397d90d95b1424a9a7e3e0fce", "suspicious": {"type": "reverted", "msg": "maxFee"}}
{"tx": "0x3dc2448f911502460d8fbfd1b9fa38bfd4c44a6133b4b6e1ff013b25147bdbd9", "rate": 2, "type": ["getReserves"], "entrypoint": "0x3da1313ae46132a397d90d95b1424a9a7e3e0fce", "suspicious": {"type": "reverted", "msg": "maxFee"}}
{"tx": "0x3dc2448f911502460d8fbfd1b9fa38bfd4c44a6133b4b6e1ff013b25147bdbd9", "rate": 0.5, "type": ["getReserves"], "entrypoint": "0x3da1313ae46132a397d90d95b1424a9a7e3e0fce", "suspicious": {"type": "reverted", "msg": "maxFee"}}
{"tx": "0x3dc2448f911502460d8fbfd1b9fa38bfd4c44a6133b4b6e1ff013b25147bdbd9", "rate": 5, "type": ["getReserves"], "entrypoint": "0x3da1313ae46132a397d90d95b1424a9a7e3e0fce", "suspicious": {"type": "reverted", "msg": "maxFee"}}
{"tx": "0x3dc2448f911502460d8fbfd1b9fa38bfd4c44a6133b4b6e1ff013b25147bdbd9", "rate": 0.2, "type": ["getReserves"], "entrypoint": "0x3da1313ae46132a397d90d95b1424a9a7e3e0fce", "suspicious": {"type": "reverted", "msg": "maxFee"}}
{"tx": "0x3dc2448f911502460d8fbfd1b9fa38bfd4c44a6133b4b6e1ff013b25147bdbd9", "rate": 10, "type": ["getReserves"], "entrypoint": "0x3da1313ae46132a397d90d95b1424a9a7e3e0fce", "suspicious": {"type": "reverted", "msg": "maxFee"}}
{"tx": "0x3dc2448f911502460d8fbfd1b9fa38bfd4c44a6133b4b6e1ff013b25147bdbd9", "rate": 0.1, "type": ["getReserves"], "entrypoint": "0x3da1313ae46132a397d90d95b1424a9a7e3e0fce", "suspicious": {"type": "reverted", "msg": "maxFee"}}
{"tx": "0x3dc2448f911502460d8fbfd1b9fa38bfd4c44a6133b4b6e1ff013b25147bdbd9", "rate": 100, "type": ["getReserves"], "entrypoint": "0x3da1313ae46132a397d90d95b1424a9a7e3e0fce", "suspicious": {"type": "reverted", "msg": "maxFee"}}
{"tx": "0x3dc2448f911502460d8fbfd1b9fa38bfd4c44a6133b4b6e1ff013b25147bdbd9", "rate": 0.01, "type": ["getReserves"], "entrypoint": "0x3da1313ae46132a397d90d95b1424a9a7e3e0fce", "suspicious": {"type": "reverted", "msg": "maxFee"}}
{"tx": "0x3dc2448f911502460d8fbfd1b9fa38bfd4c44a6133b4b6e1ff013b25147bdbd9", "rate": 1.1, "type": ["getReserves"], "entrypoint": "0xa478c2975ab1ea89e8196811f51a7b7ade33eb11", "suspicious": {"type": "reverted", "msg": "maxFee"}}
{"tx": "0x3dc2448f911502460d8fbfd1b9fa38bfd4c44a6133b4b6e1ff013b25147bdbd9", "rate": 0.9, "type": ["getReserves"], "entrypoint": "0xa478c2975ab1ea89e8196811f51a7b7ade33eb11", "suspicious": {"type": "reverted", "msg": "maxFee"}}
{"tx": "0x3dc2448f911502460d8fbfd1b9fa38bfd4c44a6133b4b6e1ff013b25147bdbd9", "rate": 1.5, "type": ["getReserves"], "entrypoint": "0xa478c2975ab1ea89e8196811f51a7b7ade33eb11", "suspicious": {"type": "reverted", "msg": "maxFee"}}
{"tx": "0x3dc2448f911502460d8fbfd1b9fa38bfd4c44a6133b4b6e1ff013b25147bdbd9", "rate": 0.75, "type": ["getReserves"], "entrypoint": "0xa478c2975ab1ea89e8196811f51a7b7ade33eb11", "suspicious": {"type": "reverted", "msg": "maxFee"}}
{"tx": "0x3dc2448f911502460d8fbfd1b9fa38bfd4c44a6133b4b6e1ff013b25147bdbd9", "rate": 2, "type": ["getReserves"], "entrypoint": "0xa478c2975ab1ea89e8196811f51a7b7ade33eb11", "suspicious": {"type": "reverted", "msg": "maxFee"}}
{"tx": "0x3dc2448f911502460d8fbfd1b9fa38bfd4c44a6133b4b6e1ff013b25147bdbd9", "rate": 0.5, "type": ["getReserves"], "entrypoint": "0xa478c2975ab1ea89e8196811f51a7b7ade33eb11", "suspicious": {"type": "reverted", "msg": "maxFee"}}
{"tx": "0x3dc2448f911502460d8fbfd1b9fa38bfd4c44a6133b4b6e1ff013b25147bdbd9", "rate": 5, "type": ["getReserves"], "entrypoint": "0xa478c2975ab1ea89e8196811f51a7b7ade33eb11", "suspicious": {"type": "reverted", "msg": "maxFee"}}
{"tx": "0x3dc2448f911502460d8fbfd1b9fa38bfd4c44a6133b4b6e1ff013b25147bdbd9", "rate": 0.2, "type": ["getReserves"], "entrypoint": "0xa478c2975ab1ea89e8196811f51a7b7ade33eb11", "suspicious": {"type": "reverted", "msg": "maxFee"}}
{"tx": "0x3dc2448f911502460d8fbfd1b9fa38bfd4c44a6133b4b6e1ff013b25147bdbd9", "rate": 10, "type": ["getReserves"], "entrypoint": "0xa478c2975ab1ea89e8196811f51a7b7ade33eb11", "suspicious": {"type": "normal"}}
{"tx": "0x3dc2448f911502460d8fbfd1b9fa38bfd4c44a6133b4b6e1ff013b25147bdbd9", "rate": 10, "type": ["getReserves"], "entrypoint": "0xa478c2975ab1ea89e8196811f51a7b7ade33eb11", "suspicious": {"type": "value-inconsists", "msg": "[\"Transfer value inconsists at log Index: 0\\n normal: 25645586144575896500, mutated: 16591130221903725176\"]", "mutatedTransfers": "[{\"args\": {\"from\": \"0xb258aD4125e84068F3A47fbBC4F6aCeD2bC148EC\", \"to\": \"0x3d07f261783d9ACDa6c0827Dc4e40F6025c18ec3\", \"value\": 16591130221903725176}, \"event\": \"Transfer\", \"logIndex\": 0, \"transactionIndex\": 0, \"transactionHash\": \"0x0000000000000000000000000000000000000000000000000000000000000000\", \"address\": \"0x6b175474e89094c44da98b954eedeac495271d0f\", \"blockHash\": \"0x0000000000000000000000000000000000000000000000000000000000000000\", \"blockNumber\": 0}]"}}
{"tx": "0x3dc2448f911502460d8fbfd1b9fa38bfd4c44a6133b4b6e1ff013b25147bdbd9", "rate": 0.1, "type": ["getReserves"], "entrypoint": "0xa478c2975ab1ea89e8196811f51a7b7ade33eb11", "suspicious": {"type": "reverted", "msg": "maxFee"}}
{"tx": "0x3dc2448f911502460d8fbfd1b9fa38bfd4c44a6133b4b6e1ff013b25147bdbd9", "rate": 100, "type": ["getReserves"], "entrypoint": "0xa478c2975ab1ea89e8196811f51a7b7ade33eb11", "suspicious": {"type": "reverted", "msg": "maxFee"}}
{"tx": "0x3dc2448f911502460d8fbfd1b9fa38bfd4c44a6133b4b6e1ff013b25147bdbd9", "rate": 0.01, "type": ["getReserves"], "entrypoint": "0xa478c2975ab1ea89e8196811f51a7b7ade33eb11", "suspicious": {"type": "reverted", "msg": "maxFee"}}
{"tx": "0x3dc2448f911502460d8fbfd1b9fa38bfd4c44a6133b4b6e1ff013b25147bdbd9", "rate": 1.1, "type": ["getReserves"], "entrypoint": "0x3da1313ae46132a397d90d95b1424a9a7e3e0fce", "suspicious": {"type": "reverted", "msg": "maxFee"}}
{"tx": "0x3dc2448f911502460d8fbfd1b9fa38bfd4c44a6133b4b6e1ff013b25147bdbd9", "rate": 0.9, "type": ["getReserves"], "entrypoint": "0x3da1313ae46132a397d90d95b1424a9a7e3e0fce", "suspicious": {"type": "reverted", "msg": "maxFee"}}
{"tx": "0x3dc2448f911502460d8fbfd1b9fa38bfd4c44a6133b4b6e1ff013b25147bdbd9", "rate": 1.5, "type": ["getReserves"], "entrypoint": "0x3da1313ae46132a397d90d95b1424a9a7e3e0fce", "suspicious": {"type": "reverted", "msg": "maxFee"}}
{"tx": "0x3dc2448f911502460d8fbfd1b9fa38bfd4c44a6133b4b6e1ff013b25147bdbd9", "rate": 0.75, "type": ["getReserves"], "entrypoint": "0x3da1313ae46132a397d90d95b1424a9a7e3e0fce", "suspicious": {"type": "reverted", "msg": "maxFee"}}
{"tx": "0x3dc2448f911502460d8fbfd1b9fa38bfd4c44a6133b4b6e1ff013b25147bdbd9", "rate": 2, "type": ["getReserves"], "entrypoint": "0x3da1313ae46132a397d90d95b1424a9a7e3e0fce", "suspicious": {"type": "reverted", "msg": "maxFee"}}
{"tx": "0x3dc2448f911502460d8fbfd1b9fa38bfd4c44a6133b4b6e1ff013b25147bdbd9", "rate": 0.5, "type": ["getReserves"], "entrypoint": "0x3da1313ae46132a397d90d95b1424a9a7e3e0fce", "suspicious": {"type": "reverted", "msg": "maxFee"}}
{"tx": "0x3dc2448f911502460d8fbfd1b9fa38bfd4c44a6133b4b6e1ff013b25147bdbd9", "rate": 5, "type": ["getReserves"], "entrypoint": "0x3da1313ae46132a397d90d95b1424a9a7e3e0fce", "suspicious": {"type": "normal"}}
{"tx": "0x3dc2448f911502460d8fbfd1b9fa38bfd4c44a6133b4b6e1ff013b25147bdbd9", "rate": 5, "type": ["getReserves"], "entrypoint": "0x3da1313ae46132a397d90d95b1424a9a7e3e0fce", "suspicious": {"type": "value-inconsists", "msg": "[\"Transfer value inconsists at log Index: 0\\n normal: 25645586144575896500, mutated: 12169487336381801050\"]", "mutatedTransfers": "[{\"args\": {\"from\": \"0xb258aD4125e84068F3A47fbBC4F6aCeD2bC148EC\", \"to\": \"0x3d07f261783d9ACDa6c0827Dc4e40F6025c18ec3\", \"value\": 12169487336381801050}, \"event\": \"Transfer\", \"logIndex\": 0, \"transactionIndex\": 0, \"transactionHash\": \"0x0000000000000000000000000000000000000000000000000000000000000000\", \"address\": \"0x6b175474e89094c44da98b954eedeac495271d0f\", \"blockHash\": \"0x0000000000000000000000000000000000000000000000000000000000000000\", \"blockNumber\": 0}]"}}
{"tx": "0x3dc2448f911502460d8fbfd1b9fa38bfd4c44a6133b4b6e1ff013b25147bdbd9", "rate": 0.2, "type": ["getReserves"], "entrypoint": "0x3da1313ae46132a397d90d95b1424a9a7e3e0fce", "suspicious": {"type": "reverted", "msg": "maxFee"}}
{"tx": "0x3dc2448f911502460d8fbfd1b9fa38bfd4c44a6133b4b6e1ff013b25147bdbd9", "rate": 10, "type": ["getReserves"], "entrypoint": "0x3da1313ae46132a397d90d95b1424a9a7e3e0fce", "suspicious": {"type": "normal"}}
{"tx": "0x3dc2448f911502460d8fbfd1b9fa38bfd4c44a6133b4b6e1ff013b25147bdbd9", "rate": 10, "type": ["getReserves"], "entrypoint": "0x3da1313ae46132a397d90d95b1424a9a7e3e0fce", "suspicious": {"type": "value-inconsists", "msg": "[\"Transfer value inconsists at log Index: 0\\n normal: 25645586144575896500, mutated: 7366461916894793677\"]", "mutatedTransfers": "[{\"args\": {\"from\": \"0xb258aD4125e84068F3A47fbBC4F6aCeD2bC148EC\", \"to\": \"0x3d07f261783d9ACDa6c0827Dc4e40F6025c18ec3\", \"value\": 7366461916894793677}, \"event\": \"Transfer\", \"logIndex\": 0, \"transactionIndex\": 0, \"transactionHash\": \"0x0000000000000000000000000000000000000000000000000000000000000000\", \"address\": \"0x6b175474e89094c44da98b954eedeac495271d0f\", \"blockHash\": \"0x0000000000000000000000000000000000000000000000000000000000000000\", \"blockNumber\": 0}]"}}
{"tx": "0x3dc2448f911502460d8fbfd1b9fa38bfd4c44a6133b4b6e1ff013b25147bdbd9", "rate": 0.1, "type": ["getReserves"], "entrypoint": "0x3da1313ae46132a397d90d95b1424a9a7e3e0fce", "suspicious": {"type": "reverted", "msg": "maxFee"}}
{"tx": "0x3dc2448f911502460d8fbfd1b9fa38bfd4c44a6133b4b6e1ff013b25147bdbd9", "rate": 100, "type": ["getReserves"], "entrypoint": "0x3da1313ae46132a397d90d95b1424a9a7e3e0fce", "suspicious": {"type": "reverted", "msg": "maxFee"}}
{"tx": "0x3dc2448f911502460d8fbfd1b9fa38bfd4c44a6133b4b6e1ff013b25147bdbd9", "rate": 0.01, "type": ["getReserves"], "entrypoint": "0x3da1313ae46132a397d90d95b1424a9a7e3e0fce", "suspicious": {"type": "reverted", "msg": "maxFee"}}
{"tx": "0x3dc2448f911502460d8fbfd1b9fa38bfd4c44a6133b4b6e1ff013b25147bdbd9", "rate": 1.1, "type": ["getReserves"], "entrypoint": "0xa478c2975ab1ea89e8196811f51a7b7ade33eb11", "suspicious": {"type": "reverted", "msg": "maxFee"}}
{"tx": "0x3dc2448f911502460d8fbfd1b9fa38bfd4c44a6133b4b6e1ff013b25147bdbd9", "rate": 0.9, "type": ["getReserves"], "entrypoint": "0xa478c2975ab1ea89e8196811f51a7b7ade33eb11", "suspicious": {"type": "reverted", "msg": "maxFee"}}
{"tx": "0x3dc2448f911502460d8fbfd1b9fa38bfd4c44a6133b4b6e1ff013b25147bdbd9", "rate": 1.5, "type": ["getReserves"], "entrypoint": "0xa478c2975ab1ea89e8196811f51a7b7ade33eb11", "suspicious": {"type": "reverted", "msg": "maxFee"}}
{"tx": "0x3dc2448f911502460d8fbfd1b9fa38bfd4c44a6133b4b6e1ff013b25147bdbd9", "rate": 0.75, "type": ["getReserves"], "entrypoint": "0xa478c2975ab1ea89e8196811f51a7b7ade33eb11", "suspicious": {"type": "reverted", "msg": "maxFee"}}
{"tx": "0x3dc2448f911502460d8fbfd1b9fa38bfd4c44a6133b4b6e1ff013b25147bdbd9", "rate": 2, "type": ["getReserves"], "entrypoint": "0xa478c2975ab1ea89e8196811f51a7b7ade33eb11", "suspicious": {"type": "reverted", "msg": "maxFee"}}
{"tx": "0x3dc2448f911502460d8fbfd1b9fa38bfd4c44a6133b4b6e1ff013b25147bdbd9", "rate": 0.5, "type": ["getReserves"], "entrypoint": "0xa478c2975ab1ea89e8196811f51a7b7ade33eb11", "suspicious": {"type": "reverted", "msg": "maxFee"}}
{"tx": "0x3dc2448f911502460d8fbfd1b9fa38bfd4c44a6133b4b6e1ff013b25147bdbd9", "rate": 5, "type": ["getReserves"], "entrypoint": "0xa478c2975ab1ea89e8196811f51a7b7ade33eb11", "suspicious": {"type": "reverted", "msg": "maxFee"}}
{"tx": "0x3dc2448f911502460d8fbfd1b9fa38bfd4c44a6133b4b6e1ff013b25147bdbd9", "rate": 0.2, "type": ["getReserves"], "entrypoint": "0xa478c2975ab1ea89e8196811f51a7b7ade33eb11", "suspicious": {"type": "reverted", "msg": "maxFee"}}
{"tx": "0x3dc2448f911502460d8fbfd1b9fa38bfd4c44a6133b4b6e1ff013b25147bdbd9", "rate": 10, "type": ["getReserves"], "entrypoint": "0xa478c2975ab1ea89e8196811f51a7b7ade33eb11", "suspicious": {"type": "reverted", "msg": "maxFee"}}
{"tx": "0x3dc2448f911502460d8fbfd1b9fa38bfd4c44a6133b4b6e1ff013b25147bdbd9", "rate": 0.1, "type": ["getReserves"], "entrypoint": "0xa478c2975ab1ea89e8196811f51a7b7ade33eb11", "suspicious": {"type": "reverted", "msg": "maxFee"}}
{"tx": "0x3dc2448f911502460d8fbfd1b9fa38bfd4c44a6133b4b6e1ff013b25147bdbd9", "rate": 100, "type": ["getReserves"], "entrypoint": "0xa478c2975ab1ea89e8196811f51a7b7ade33eb11", "suspicious": {"type": "reverted", "msg": "maxFee"}}
{"tx": "0x3dc2448f911502460d8fbfd1b9fa38bfd4c44a6133b4b6e1ff013b25147bdbd9", "rate": 0.01, "type": ["getReserves"], "entrypoint": "0xa478c2975ab1ea89e8196811f51a7b7ade33eb11", "suspicious": {"type": "reverted", "msg": "maxFee"}}
