{"tx": "0xec41b2ff9a37eb6990e28a9ca0842b10b226f1f3b82b68cf7342afa1826127b2", "rate": 1.1, "type": ["getReserves"], "entrypoint": "0xb0fb35cc576034b01bed6f4d0333b1bd3859615c", "suspicious": {"type": "normal"}}
{"tx": "0xec41b2ff9a37eb6990e28a9ca0842b10b226f1f3b82b68cf7342afa1826127b2", "rate": 1.1, "type": ["getReserves"], "entrypoint": "0xb0fb35cc576034b01bed6f4d0333b1bd3859615c", "suspicious": {"type": "different_transfers", "msg": "normal traces has 5 transfers; mutated traces has 6 transfers"}}
{"tx": "0xec41b2ff9a37eb6990e28a9ca0842b10b226f1f3b82b68cf7342afa1826127b2", "rate": 0.9, "type": ["getReserves"], "entrypoint": "0xb0fb35cc576034b01bed6f4d0333b1bd3859615c", "suspicious": {"type": "reverted", "msg": "UniswapV2Router: INSUFFICIENT_A_AMOUNT"}}
{"tx": "0xec41b2ff9a37eb6990e28a9ca0842b10b226f1f3b82b68cf7342afa1826127b2", "rate": 1.5, "type": ["getReserves"], "entrypoint": "0xb0fb35cc576034b01bed6f4d0333b1bd3859615c", "suspicious": {"type": "normal"}}
{"tx": "0xec41b2ff9a37eb6990e28a9ca0842b10b226f1f3b82b68cf7342afa1826127b2", "rate": 1.5, "type": ["getReserves"], "entrypoint": "0xb0fb35cc576034b01bed6f4d0333b1bd3859615c", "suspicious": {"type": "different_transfers", "msg": "normal traces has 5 transfers; mutated traces has 6 transfers"}}
{"tx": "0xec41b2ff9a37eb6990e28a9ca0842b10b226f1f3b82b68cf7342afa1826127b2", "rate": 0.75, "type": ["getReserves"], "entrypoint": "0xb0fb35cc576034b01bed6f4d0333b1bd3859615c", "suspicious": {"type": "reverted", "msg": "UniswapV2Router: INSUFFICIENT_A_AMOUNT"}}
{"tx": "0xec41b2ff9a37eb6990e28a9ca0842b10b226f1f3b82b68cf7342afa1826127b2", "rate": 2, "type": ["getReserves"], "entrypoint": "0xb0fb35cc576034b01bed6f4d0333b1bd3859615c", "suspicious": {"type": "normal"}}
{"tx": "0xec41b2ff9a37eb6990e28a9ca0842b10b226f1f3b82b68cf7342afa1826127b2", "rate": 2, "type": ["getReserves"], "entrypoint": "0xb0fb35cc576034b01bed6f4d0333b1bd3859615c", "suspicious": {"type": "different_transfers", "msg": "normal traces has 5 transfers; mutated traces has 6 transfers"}}
{"tx": "0xec41b2ff9a37eb6990e28a9ca0842b10b226f1f3b82b68cf7342afa1826127b2", "rate": 0.5, "type": ["getReserves"], "entrypoint": "0xb0fb35cc576034b01bed6f4d0333b1bd3859615c", "suspicious": {"type": "reverted", "msg": "UniswapV2Router: INSUFFICIENT_A_AMOUNT"}}
{"tx": "0xec41b2ff9a37eb6990e28a9ca0842b10b226f1f3b82b68cf7342afa1826127b2", "rate": 5, "type": ["getReserves"], "entrypoint": "0xb0fb35cc576034b01bed6f4d0333b1bd3859615c", "suspicious": {"type": "normal"}}
{"tx": "0xec41b2ff9a37eb6990e28a9ca0842b10b226f1f3b82b68cf7342afa1826127b2", "rate": 5, "type": ["getReserves"], "entrypoint": "0xb0fb35cc576034b01bed6f4d0333b1bd3859615c", "suspicious": {"type": "different_transfers", "msg": "normal traces has 5 transfers; mutated traces has 6 transfers"}}
{"tx": "0xec41b2ff9a37eb6990e28a9ca0842b10b226f1f3b82b68cf7342afa1826127b2", "rate": 0.2, "type": ["getReserves"], "entrypoint": "0xb0fb35cc576034b01bed6f4d0333b1bd3859615c", "suspicious": {"type": "reverted", "msg": "UniswapV2Router: INSUFFICIENT_A_AMOUNT"}}
{"tx": "0xec41b2ff9a37eb6990e28a9ca0842b10b226f1f3b82b68cf7342afa1826127b2", "rate": 10, "type": ["getReserves"], "entrypoint": "0xb0fb35cc576034b01bed6f4d0333b1bd3859615c", "suspicious": {"type": "reverted", "msg": "UniswapV2Router: INSUFFICIENT_B_AMOUNT"}}
{"tx": "0xec41b2ff9a37eb6990e28a9ca0842b10b226f1f3b82b68cf7342afa1826127b2", "rate": 0.1, "type": ["getReserves"], "entrypoint": "0xb0fb35cc576034b01bed6f4d0333b1bd3859615c", "suspicious": {"type": "reverted", "msg": "UniswapV2Router: INSUFFICIENT_A_AMOUNT"}}
{"tx": "0xec41b2ff9a37eb6990e28a9ca0842b10b226f1f3b82b68cf7342afa1826127b2", "rate": 100, "type": ["getReserves"], "entrypoint": "0xb0fb35cc576034b01bed6f4d0333b1bd3859615c", "suspicious": {"type": "reverted", "msg": "UniswapV2Router: INSUFFICIENT_B_AMOUNT"}}
{"tx": "0xec41b2ff9a37eb6990e28a9ca0842b10b226f1f3b82b68cf7342afa1826127b2", "rate": 0.01, "type": ["getReserves"], "entrypoint": "0xb0fb35cc576034b01bed6f4d0333b1bd3859615c", "suspicious": {"type": "reverted", "msg": "UniswapV2Router: INSUFFICIENT_A_AMOUNT"}}
{"tx": "0xec41b2ff9a37eb6990e28a9ca0842b10b226f1f3b82b68cf7342afa1826127b2", "rate": 1.1, "type": ["getReserves"], "entrypoint": "0xb0fb35cc576034b01bed6f4d0333b1bd3859615c", "suspicious": {"type": "reverted", "msg": "UniswapV2Router: INSUFFICIENT_A_AMOUNT"}}
{"tx": "0xec41b2ff9a37eb6990e28a9ca0842b10b226f1f3b82b68cf7342afa1826127b2", "rate": 0.9, "type": ["getReserves"], "entrypoint": "0xb0fb35cc576034b01bed6f4d0333b1bd3859615c", "suspicious": {"type": "reverted", "msg": "UniswapV2Router: INSUFFICIENT_A_AMOUNT"}}
{"tx": "0xec41b2ff9a37eb6990e28a9ca0842b10b226f1f3b82b68cf7342afa1826127b2", "rate": 1.5, "type": ["getReserves"], "entrypoint": "0xb0fb35cc576034b01bed6f4d0333b1bd3859615c", "suspicious": {"type": "normal"}}
{"tx": "0xec41b2ff9a37eb6990e28a9ca0842b10b226f1f3b82b68cf7342afa1826127b2", "rate": 1.5, "type": ["getReserves"], "entrypoint": "0xb0fb35cc576034b01bed6f4d0333b1bd3859615c", "suspicious": {"type": "different_transfers", "msg": "normal traces has 5 transfers; mutated traces has 6 transfers"}}
{"tx": "0xec41b2ff9a37eb6990e28a9ca0842b10b226f1f3b82b68cf7342afa1826127b2", "rate": 0.75, "type": ["getReserves"], "entrypoint": "0xb0fb35cc576034b01bed6f4d0333b1bd3859615c", "suspicious": {"type": "reverted", "msg": "UniswapV2Router: INSUFFICIENT_A_AMOUNT"}}
{"tx": "0xec41b2ff9a37eb6990e28a9ca0842b10b226f1f3b82b68cf7342afa1826127b2", "rate": 2, "type": ["getReserves"], "entrypoint": "0xb0fb35cc576034b01bed6f4d0333b1bd3859615c", "suspicious": {"type": "normal"}}
{"tx": "0xec41b2ff9a37eb6990e28a9ca0842b10b226f1f3b82b68cf7342afa1826127b2", "rate": 2, "type": ["getReserves"], "entrypoint": "0xb0fb35cc576034b01bed6f4d0333b1bd3859615c", "suspicious": {"type": "different_transfers", "msg": "normal traces has 5 transfers; mutated traces has 6 transfers"}}
{"tx": "0xec41b2ff9a37eb6990e28a9ca0842b10b226f1f3b82b68cf7342afa1826127b2", "rate": 0.5, "type": ["getReserves"], "entrypoint": "0xb0fb35cc576034b01bed6f4d0333b1bd3859615c", "suspicious": {"type": "reverted", "msg": "UniswapV2Router: INSUFFICIENT_A_AMOUNT"}}
{"tx": "0xec41b2ff9a37eb6990e28a9ca0842b10b226f1f3b82b68cf7342afa1826127b2", "rate": 5, "type": ["getReserves"], "entrypoint": "0xb0fb35cc576034b01bed6f4d0333b1bd3859615c", "suspicious": {"type": "normal"}}
{"tx": "0xec41b2ff9a37eb6990e28a9ca0842b10b226f1f3b82b68cf7342afa1826127b2", "rate": 5, "type": ["getReserves"], "entrypoint": "0xb0fb35cc576034b01bed6f4d0333b1bd3859615c", "suspicious": {"type": "different_transfers", "msg": "normal traces has 5 transfers; mutated traces has 6 transfers"}}
{"tx": "0xec41b2ff9a37eb6990e28a9ca0842b10b226f1f3b82b68cf7342afa1826127b2", "rate": 0.2, "type": ["getReserves"], "entrypoint": "0xb0fb35cc576034b01bed6f4d0333b1bd3859615c", "suspicious": {"type": "reverted", "msg": "UniswapV2Router: INSUFFICIENT_A_AMOUNT"}}
{"tx": "0xec41b2ff9a37eb6990e28a9ca0842b10b226f1f3b82b68cf7342afa1826127b2", "rate": 10, "type": ["getReserves"], "entrypoint": "0xb0fb35cc576034b01bed6f4d0333b1bd3859615c", "suspicious": {"type": "reverted", "msg": "UniswapV2Router: INSUFFICIENT_B_AMOUNT"}}
{"tx": "0xec41b2ff9a37eb6990e28a9ca0842b10b226f1f3b82b68cf7342afa1826127b2", "rate": 0.1, "type": ["getReserves"], "entrypoint": "0xb0fb35cc576034b01bed6f4d0333b1bd3859615c", "suspicious": {"type": "reverted", "msg": "UniswapV2Router: INSUFFICIENT_A_AMOUNT"}}
{"tx": "0xec41b2ff9a37eb6990e28a9ca0842b10b226f1f3b82b68cf7342afa1826127b2", "rate": 100, "type": ["getReserves"], "entrypoint": "0xb0fb35cc576034b01bed6f4d0333b1bd3859615c", "suspicious": {"type": "reverted", "msg": "UniswapV2Router: INSUFFICIENT_B_AMOUNT"}}
{"tx": "0xec41b2ff9a37eb6990e28a9ca0842b10b226f1f3b82b68cf7342afa1826127b2", "rate": 0.01, "type": ["getReserves"], "entrypoint": "0xb0fb35cc576034b01bed6f4d0333b1bd3859615c", "suspicious": {"type": "reverted", "msg": "UniswapV2Router: INSUFFICIENT_A_AMOUNT"}}
{"tx": "0xec41b2ff9a37eb6990e28a9ca0842b10b226f1f3b82b68cf7342afa1826127b2", "rate": 1.1, "type": ["getReserves"], "entrypoint": "0xb0fb35cc576034b01bed6f4d0333b1bd3859615c", "suspicious": {"type": "reverted", "msg": "UniswapV2Router: INSUFFICIENT_A_AMOUNT"}}
{"tx": "0xec41b2ff9a37eb6990e28a9ca0842b10b226f1f3b82b68cf7342afa1826127b2", "rate": 0.9, "type": ["getReserves"], "entrypoint": "0xb0fb35cc576034b01bed6f4d0333b1bd3859615c", "suspicious": {"type": "reverted", "msg": "UniswapV2Router: INSUFFICIENT_A_AMOUNT"}}
{"tx": "0xec41b2ff9a37eb6990e28a9ca0842b10b226f1f3b82b68cf7342afa1826127b2", "rate": 1.5, "type": ["getReserves"], "entrypoint": "0xb0fb35cc576034b01bed6f4d0333b1bd3859615c", "suspicious": {"type": "reverted", "msg": "UniswapV2Router: INSUFFICIENT_A_AMOUNT"}}
{"tx": "0xec41b2ff9a37eb6990e28a9ca0842b10b226f1f3b82b68cf7342afa1826127b2", "rate": 0.75, "type": ["getReserves"], "entrypoint": "0xb0fb35cc576034b01bed6f4d0333b1bd3859615c", "suspicious": {"type": "reverted", "msg": "UniswapV2Router: INSUFFICIENT_A_AMOUNT"}}
{"tx": "0xec41b2ff9a37eb6990e28a9ca0842b10b226f1f3b82b68cf7342afa1826127b2", "rate": 2, "type": ["getReserves"], "entrypoint": "0xb0fb35cc576034b01bed6f4d0333b1bd3859615c", "suspicious": {"type": "reverted", "msg": "UniswapV2Router: INSUFFICIENT_A_AMOUNT"}}
{"tx": "0xec41b2ff9a37eb6990e28a9ca0842b10b226f1f3b82b68cf7342afa1826127b2", "rate": 0.5, "type": ["getReserves"], "entrypoint": "0xb0fb35cc576034b01bed6f4d0333b1bd3859615c", "suspicious": {"type": "reverted", "msg": "UniswapV2Router: INSUFFICIENT_A_AMOUNT"}}
{"tx": "0xec41b2ff9a37eb6990e28a9ca0842b10b226f1f3b82b68cf7342afa1826127b2", "rate": 5, "type": ["getReserves"], "entrypoint": "0xb0fb35cc576034b01bed6f4d0333b1bd3859615c", "suspicious": {"type": "normal"}}
{"tx": "0xec41b2ff9a37eb6990e28a9ca0842b10b226f1f3b82b68cf7342afa1826127b2", "rate": 5, "type": ["getReserves"], "entrypoint": "0xb0fb35cc576034b01bed6f4d0333b1bd3859615c", "suspicious": {"type": "different_transfers", "msg": "normal traces has 5 transfers; mutated traces has 6 transfers"}}
{"tx": "0xec41b2ff9a37eb6990e28a9ca0842b10b226f1f3b82b68cf7342afa1826127b2", "rate": 0.2, "type": ["getReserves"], "entrypoint": "0xb0fb35cc576034b01bed6f4d0333b1bd3859615c", "suspicious": {"type": "reverted", "msg": "UniswapV2Router: INSUFFICIENT_A_AMOUNT"}}
{"tx": "0xec41b2ff9a37eb6990e28a9ca0842b10b226f1f3b82b68cf7342afa1826127b2", "rate": 10, "type": ["getReserves"], "entrypoint": "0xb0fb35cc576034b01bed6f4d0333b1bd3859615c", "suspicious": {"type": "reverted", "msg": "UniswapV2Router: INSUFFICIENT_B_AMOUNT"}}
{"tx": "0xec41b2ff9a37eb6990e28a9ca0842b10b226f1f3b82b68cf7342afa1826127b2", "rate": 0.1, "type": ["getReserves"], "entrypoint": "0xb0fb35cc576034b01bed6f4d0333b1bd3859615c", "suspicious": {"type": "reverted", "msg": "UniswapV2Router: INSUFFICIENT_A_AMOUNT"}}
{"tx": "0xec41b2ff9a37eb6990e28a9ca0842b10b226f1f3b82b68cf7342afa1826127b2", "rate": 100, "type": ["getReserves"], "entrypoint": "0xb0fb35cc576034b01bed6f4d0333b1bd3859615c", "suspicious": {"type": "reverted", "msg": "UniswapV2Router: INSUFFICIENT_B_AMOUNT"}}
{"tx": "0xec41b2ff9a37eb6990e28a9ca0842b10b226f1f3b82b68cf7342afa1826127b2", "rate": 0.01, "type": ["getReserves"], "entrypoint": "0xb0fb35cc576034b01bed6f4d0333b1bd3859615c", "suspicious": {"type": "reverted", "msg": "UniswapV2Router: INSUFFICIENT_A_AMOUNT"}}
